<?xml version="1.0" encoding="UTF-8"?>
<testng-results ignored="0" total="1" passed="1" failed="0" skipped="0">
  <reporter-output>
  </reporter-output>
  <suite started-at="2023-10-27T06:50:07 BST" name="Default suite" finished-at="2023-10-27T06:50:44 BST" duration-ms="36906">
    <groups>
    </groups>
    <test started-at="2023-10-27T06:50:07 BST" name="Default test" finished-at="2023-10-27T06:50:44 BST" duration-ms="36906">
      <class name="Scripts.TestCase1">
        <test-method is-config="true" signature="openApp()[pri:0, instance:Scripts.TestCase1@2e6a8155]" started-at="2023-10-27T06:50:07 BST" name="openApp" finished-at="2023-10-27T06:50:18 BST" duration-ms="11378" status="PASS">
          <reporter-output>
          </reporter-output>
        </test-method> <!-- openApp -->
        <test-method signature="tc1()[pri:0, instance:Scripts.TestCase1@2e6a8155]" started-at="2023-10-27T06:50:18 BST" name="tc1" finished-at="2023-10-27T06:50:33 BST" duration-ms="14941" status="PASS">
          <reporter-output>
          </reporter-output>
        </test-method> <!-- tc1 -->
        <test-method is-config="true" signature="closeApp(org.testng.ITestResult)[pri:0, instance:Scripts.TestCase1@2e6a8155]" started-at="2023-10-27T06:50:33 BST" name="closeApp" finished-at="2023-10-27T06:50:44 BST" duration-ms="10423" status="PASS">
          <params>
            <param index="0">
              <value>
                <![CDATA[[TestResult name=tc1 status=SUCCESS method=TestCase1.tc1()[pri:0, instance:Scripts.TestCase1@2e6a8155] output={null}]]]>
              </value>
            </param>
          </params>
          <reporter-output>
          </reporter-output>
        </test-method> <!-- closeApp -->
      </class> <!-- Scripts.TestCase1 -->
    </test> <!-- Default test -->
  </suite> <!-- Default suite -->
</testng-results>
